  [1m[36m (111.4ms)[0m  [1mCREATE TABLE "schema_migrations" ("version" varchar NOT NULL) [0m
  [1m[35m (0.2ms)[0m  select sqlite_version(*)
  [1m[36m (140.5ms)[0m  [1mCREATE UNIQUE INDEX "unique_schema_migrations" ON "schema_migrations" ("version")[0m
  [1m[35mActiveRecord::SchemaMigration Load (0.2ms)[0m  SELECT "schema_migrations".* FROM "schema_migrations"
Migrating to CreateTodoitems (20161010181943)
  [1m[36m (0.1ms)[0m  [1mbegin transaction[0m
  [1m[35m (0.7ms)[0m  CREATE TABLE "todoitems" ("id" INTEGER PRIMARY KEY AUTOINCREMENT NOT NULL, "title" varchar, "date" date, "description" varchar, "completed" boolean DEFAULT 'f', "created_at" datetime NOT NULL, "updated_at" datetime NOT NULL) 
  [1m[36mSQL (0.3ms)[0m  [1mINSERT INTO "schema_migrations" ("version") VALUES (?)[0m  [["version", "20161010181943"]]
  [1m[35m (134.0ms)[0m  commit transaction
  [1m[36mActiveRecord::SchemaMigration Load (0.2ms)[0m  [1mSELECT "schema_migrations".* FROM "schema_migrations"[0m
  [1m[36mActiveRecord::SchemaMigration Load (0.3ms)[0m  [1mSELECT "schema_migrations".* FROM "schema_migrations"[0m
  [1m[35mActiveRecord::SchemaMigration Load (0.2ms)[0m  SELECT "schema_migrations".* FROM "schema_migrations"
  [1m[36mActiveRecord::SchemaMigration Load (0.2ms)[0m  [1mSELECT "schema_migrations".* FROM "schema_migrations"[0m
  [1m[35mActiveRecord::SchemaMigration Load (0.2ms)[0m  SELECT "schema_migrations".* FROM "schema_migrations"
Migrating to CreateTodoitems (20161010181943)
  [1m[36m (0.1ms)[0m  [1mbegin transaction[0m
  [1m[35m (0.6ms)[0m  DROP TABLE "todoitems"
  [1m[36mSQL (0.6ms)[0m  [1mDELETE FROM "schema_migrations" WHERE "schema_migrations"."version" = ?[0m  [["version", "20161010181943"]]
  [1m[35m (125.4ms)[0m  commit transaction
  [1m[36mActiveRecord::SchemaMigration Load (0.2ms)[0m  [1mSELECT "schema_migrations".* FROM "schema_migrations"[0m
  [1m[36mActiveRecord::SchemaMigration Load (0.4ms)[0m  [1mSELECT "schema_migrations".* FROM "schema_migrations"[0m
Migrating to CreateTodoitems (20161010183117)
  [1m[35m (0.1ms)[0m  begin transaction
  [1m[36m (0.7ms)[0m  [1mCREATE TABLE "todoitems" ("id" INTEGER PRIMARY KEY AUTOINCREMENT NOT NULL, "due_date" date, "title" varchar, "description" varchar, "completed" boolean DEFAULT 'f', "created_at" datetime NOT NULL, "updated_at" datetime NOT NULL) [0m
  [1m[35mSQL (0.4ms)[0m  INSERT INTO "schema_migrations" ("version") VALUES (?)  [["version", "20161010183117"]]
  [1m[36m (119.6ms)[0m  [1mcommit transaction[0m
  [1m[35mActiveRecord::SchemaMigration Load (0.2ms)[0m  SELECT "schema_migrations".* FROM "schema_migrations"
  [1m[36mActiveRecord::SchemaMigration Load (0.3ms)[0m  [1mSELECT "schema_migrations".* FROM "schema_migrations"[0m
  [1m[35mActiveRecord::SchemaMigration Load (0.2ms)[0m  SELECT "schema_migrations".* FROM "schema_migrations"
Migrating to CreateTodoitems (20161010183117)
  [1m[36m (0.1ms)[0m  [1mbegin transaction[0m
  [1m[35m (0.5ms)[0m  DROP TABLE "todoitems"
  [1m[36mSQL (0.4ms)[0m  [1mDELETE FROM "schema_migrations" WHERE "schema_migrations"."version" = ?[0m  [["version", "20161010183117"]]
  [1m[35m (164.9ms)[0m  commit transaction
  [1m[36mActiveRecord::SchemaMigration Load (0.2ms)[0m  [1mSELECT "schema_migrations".* FROM "schema_migrations"[0m
  [1m[36mActiveRecord::SchemaMigration Load (0.2ms)[0m  [1mSELECT "schema_migrations".* FROM "schema_migrations"[0m
Migrating to CreateTodoItems (20161010183546)
  [1m[35m (0.1ms)[0m  begin transaction
  [1m[36m (0.6ms)[0m  [1mCREATE TABLE "todo_items" ("id" INTEGER PRIMARY KEY AUTOINCREMENT NOT NULL, "due_date" date, "title" varchar, "description" varchar, "completed" boolean DEFAULT 'f', "created_at" datetime NOT NULL, "updated_at" datetime NOT NULL) [0m
  [1m[35mSQL (0.4ms)[0m  INSERT INTO "schema_migrations" ("version") VALUES (?)  [["version", "20161010183546"]]
  [1m[36m (123.5ms)[0m  [1mcommit transaction[0m
  [1m[35mActiveRecord::SchemaMigration Load (0.2ms)[0m  SELECT "schema_migrations".* FROM "schema_migrations"
  [1m[36mActiveRecord::SchemaMigration Load (0.2ms)[0m  [1mSELECT "schema_migrations".* FROM "schema_migrations"[0m
  [1m[35mActiveRecord::SchemaMigration Load (0.2ms)[0m  SELECT "schema_migrations".* FROM "schema_migrations"
  [1m[36mActiveRecord::SchemaMigration Load (0.2ms)[0m  [1mSELECT "schema_migrations".* FROM "schema_migrations"[0m
Migrating to CreateTodoItems (20161010183915)
  [1m[35m (0.1ms)[0m  begin transaction
  [1m[36m (0.7ms)[0m  [1mCREATE TABLE "todo_items" ("id" INTEGER PRIMARY KEY AUTOINCREMENT NOT NULL, "due_date" date, "title" varchar, "description" text, "completed" boolean DEFAULT 'f', "created_at" datetime NOT NULL, "updated_at" datetime NOT NULL) [0m
SQLite3::SQLException: table "todo_items" already exists: CREATE TABLE "todo_items" ("id" INTEGER PRIMARY KEY AUTOINCREMENT NOT NULL, "due_date" date, "title" varchar, "description" text, "completed" boolean DEFAULT 'f', "created_at" datetime NOT NULL, "updated_at" datetime NOT NULL) 
  [1m[35m (0.1ms)[0m  rollback transaction
  [1m[36mActiveRecord::SchemaMigration Load (0.2ms)[0m  [1mSELECT "schema_migrations".* FROM "schema_migrations"[0m
  [1m[35mActiveRecord::SchemaMigration Load (0.2ms)[0m  SELECT "schema_migrations".* FROM "schema_migrations"
  [1m[36mActiveRecord::SchemaMigration Load (0.2ms)[0m  [1mSELECT "schema_migrations".* FROM "schema_migrations"[0m
Migrating to CreateTodoItems (20161010183915)
  [1m[35m (0.1ms)[0m  begin transaction
  [1m[36m (0.9ms)[0m  [1mCREATE TABLE "todo_items" ("id" INTEGER PRIMARY KEY AUTOINCREMENT NOT NULL, "due_date" date, "title" varchar, "description" text, "completed" boolean DEFAULT 'f', "created_at" datetime NOT NULL, "updated_at" datetime NOT NULL) [0m
SQLite3::SQLException: table "todo_items" already exists: CREATE TABLE "todo_items" ("id" INTEGER PRIMARY KEY AUTOINCREMENT NOT NULL, "due_date" date, "title" varchar, "description" text, "completed" boolean DEFAULT 'f', "created_at" datetime NOT NULL, "updated_at" datetime NOT NULL) 
  [1m[35m (0.1ms)[0m  rollback transaction
  [1m[36m (118.4ms)[0m  [1mCREATE TABLE "schema_migrations" ("version" varchar NOT NULL) [0m
  [1m[35m (0.3ms)[0m  select sqlite_version(*)
  [1m[36m (97.8ms)[0m  [1mCREATE UNIQUE INDEX "unique_schema_migrations" ON "schema_migrations" ("version")[0m
  [1m[35mActiveRecord::SchemaMigration Load (0.2ms)[0m  SELECT "schema_migrations".* FROM "schema_migrations"
Migrating to CreateTodoItems (20161010183915)
  [1m[36m (0.1ms)[0m  [1mbegin transaction[0m
  [1m[35m (0.7ms)[0m  CREATE TABLE "todo_items" ("id" INTEGER PRIMARY KEY AUTOINCREMENT NOT NULL, "due_date" date, "title" varchar, "description" text, "completed" boolean DEFAULT 'f', "created_at" datetime NOT NULL, "updated_at" datetime NOT NULL) 
  [1m[36mSQL (0.3ms)[0m  [1mINSERT INTO "schema_migrations" ("version") VALUES (?)[0m  [["version", "20161010183915"]]
  [1m[35m (124.9ms)[0m  commit transaction
  [1m[36mActiveRecord::SchemaMigration Load (0.2ms)[0m  [1mSELECT "schema_migrations".* FROM "schema_migrations"[0m
  [1m[36mActiveRecord::SchemaMigration Load (0.4ms)[0m  [1mSELECT "schema_migrations".* FROM "schema_migrations"[0m
  [1m[35mTodoItem Load (0.3ms)[0m  SELECT "todo_items".* FROM "todo_items"
  [1m[36m (0.1ms)[0m  [1mbegin transaction[0m
  [1m[35mSQL (0.5ms)[0m  INSERT INTO "todo_items" ("title", "due_date", "description", "created_at", "updated_at") VALUES (?, ?, ?, ?, ?)  [["title", "Task 1"], ["due_date", "2016-10-10"], ["description", "very important task TEST"], ["created_at", "2016-10-10 18:42:51.617792"], ["updated_at", "2016-10-10 18:42:51.617792"]]
  [1m[36m (129.2ms)[0m  [1mcommit transaction[0m
  [1m[35m (0.1ms)[0m  begin transaction
  [1m[36mSQL (0.4ms)[0m  [1mINSERT INTO "todo_items" ("title", "due_date", "description", "completed", "created_at", "updated_at") VALUES (?, ?, ?, ?, ?, ?)[0m  [["title", "Task 2"], ["due_date", "2016-10-08"], ["description", "learn ruby TEST"], ["completed", "t"], ["created_at", "2016-10-10 18:42:51.753512"], ["updated_at", "2016-10-10 18:42:51.753512"]]
  [1m[35m (107.1ms)[0m  commit transaction
  [1m[36m (0.1ms)[0m  [1mbegin transaction[0m
  [1m[35mSQL (0.5ms)[0m  INSERT INTO "todo_items" ("title", "due_date", "description", "completed", "created_at", "updated_at") VALUES (?, ?, ?, ?, ?, ?)  [["title", "Task 3"], ["due_date", "2016-10-07"], ["description", "learn Active Record TEST"], ["completed", "t"], ["created_at", "2016-10-10 18:42:51.864028"], ["updated_at", "2016-10-10 18:42:51.864028"]]
  [1m[36m (113.6ms)[0m  [1mcommit transaction[0m


Started GET "/todo_items" for 127.0.0.1 at 2016-10-10 21:43:35 +0300
  [1m[36mActiveRecord::SchemaMigration Load (0.3ms)[0m  [1mSELECT "schema_migrations".* FROM "schema_migrations"[0m
Processing by TodoItemsController#index as HTML
  [1m[35mTodoItem Load (0.4ms)[0m  SELECT "todo_items".* FROM "todo_items"
  Rendered todo_items/index.html.erb within layouts/application (23.4ms)
Completed 200 OK in 1037ms (Views: 1002.1ms | ActiveRecord: 1.3ms)


Started GET "/assets/scaffolds.self-9a705dae9a365814928de946422e880f08c7b369a5286d392fe08c07b3404e2e.css?body=1" for 127.0.0.1 at 2016-10-10 21:43:37 +0300


Started GET "/assets/todo_items.self-e3b0c44298fc1c149afbf4c8996fb92427ae41e4649b934ca495991b7852b855.css?body=1" for 127.0.0.1 at 2016-10-10 21:43:37 +0300


Started GET "/assets/todoitems.self-e3b0c44298fc1c149afbf4c8996fb92427ae41e4649b934ca495991b7852b855.css?body=1" for 127.0.0.1 at 2016-10-10 21:43:37 +0300


Started GET "/assets/todo_items.self-877aef30ae1b040ab8a3aba4e3e309a11d7f2612f44dde450b5c157aa5f95c05.js?body=1" for 127.0.0.1 at 2016-10-10 21:43:37 +0300


Started GET "/assets/todoitems.self-877aef30ae1b040ab8a3aba4e3e309a11d7f2612f44dde450b5c157aa5f95c05.js?body=1" for 127.0.0.1 at 2016-10-10 21:43:37 +0300


Started GET "/todo_items/1" for 127.0.0.1 at 2016-10-10 21:43:52 +0300
Processing by TodoItemsController#show as HTML
  Parameters: {"id"=>"1"}
  [1m[36mTodoItem Load (0.5ms)[0m  [1mSELECT  "todo_items".* FROM "todo_items" WHERE "todo_items"."id" = ? LIMIT 1[0m  [["id", 1]]
  Rendered todo_items/show.html.erb within layouts/application (2.4ms)
Completed 200 OK in 116ms (Views: 82.2ms | ActiveRecord: 0.5ms)


Started GET "/todo_items/2" for 127.0.0.1 at 2016-10-10 21:43:57 +0300
Processing by TodoItemsController#show as HTML
  Parameters: {"id"=>"2"}
  [1m[35mTodoItem Load (0.2ms)[0m  SELECT  "todo_items".* FROM "todo_items" WHERE "todo_items"."id" = ? LIMIT 1  [["id", 2]]
  Rendered todo_items/show.html.erb within layouts/application (2.0ms)
Completed 200 OK in 129ms (Views: 124.4ms | ActiveRecord: 0.2ms)


Started GET "/todo_items/3" for 127.0.0.1 at 2016-10-10 21:44:02 +0300
Processing by TodoItemsController#show as HTML
  Parameters: {"id"=>"3"}
  [1m[36mTodoItem Load (0.3ms)[0m  [1mSELECT  "todo_items".* FROM "todo_items" WHERE "todo_items"."id" = ? LIMIT 1[0m  [["id", 3]]
  Rendered todo_items/show.html.erb within layouts/application (0.6ms)
Completed 200 OK in 83ms (Views: 81.3ms | ActiveRecord: 0.3ms)


Started GET "/todo_items/new" for 127.0.0.1 at 2016-10-10 21:50:15 +0300
Processing by TodoItemsController#new as HTML
  Rendered todo_items/_form.html.erb (331.2ms)
  Rendered todo_items/new.html.erb within layouts/application (360.3ms)
Completed 200 OK in 401ms (Views: 399.0ms | ActiveRecord: 0.0ms)


Started POST "/todo_items" for 127.0.0.1 at 2016-10-10 21:51:06 +0300
Processing by TodoItemsController#create as HTML
  Parameters: {"utf8"=>"✓", "authenticity_token"=>"KmOjYQw6wn4Pr9QJL5IKgK5jVv5/H50htO2NR6CB2b/vlpKHsmuIBR/zfH3RkHUebvjYD3WUNzHjXeGqil7nPg==", "todo_item"=>{"due_date(1i)"=>"2016", "due_date(2i)"=>"10", "due_date(3i)"=>"12", "title"=>"Master PLS50", "description"=>"Learn C for Master degree", "completed"=>"0"}, "commit"=>"Create Todo item"}
  [1m[35m (0.1ms)[0m  begin transaction
  [1m[36mSQL (0.7ms)[0m  [1mINSERT INTO "todo_items" ("title", "description", "due_date", "created_at", "updated_at") VALUES (?, ?, ?, ?, ?)[0m  [["title", "Master PLS50"], ["description", "Learn C for Master degree"], ["due_date", "2016-10-12"], ["created_at", "2016-10-10 18:51:06.138417"], ["updated_at", "2016-10-10 18:51:06.138417"]]
  [1m[35m (196.7ms)[0m  commit transaction
Redirected to http://localhost:3000/todo_items/4
Completed 302 Found in 210ms (ActiveRecord: 197.6ms)


Started GET "/todo_items/4" for 127.0.0.1 at 2016-10-10 21:51:06 +0300
Processing by TodoItemsController#show as HTML
  Parameters: {"id"=>"4"}
  [1m[36mTodoItem Load (0.2ms)[0m  [1mSELECT  "todo_items".* FROM "todo_items" WHERE "todo_items"."id" = ? LIMIT 1[0m  [["id", 4]]
  Rendered todo_items/show.html.erb within layouts/application (0.9ms)
Completed 200 OK in 46ms (Views: 43.6ms | ActiveRecord: 0.2ms)


Started GET "/todo_items" for 127.0.0.1 at 2016-10-10 21:51:10 +0300
Processing by TodoItemsController#index as HTML
  [1m[35mTodoItem Load (0.4ms)[0m  SELECT "todo_items".* FROM "todo_items"
  Rendered todo_items/index.html.erb within layouts/application (8.2ms)
Completed 200 OK in 74ms (Views: 72.3ms | ActiveRecord: 0.4ms)


Started GET "/todo_items" for 127.0.0.1 at 2016-10-10 22:21:41 +0300
  [1m[36mActiveRecord::SchemaMigration Load (0.2ms)[0m  [1mSELECT "schema_migrations".* FROM "schema_migrations"[0m
Processing by TodoItemsController#index as HTML
  [1m[35mTodoItem Load (0.4ms)[0m  SELECT "todo_items".* FROM "todo_items"
  Rendered todo_items/index.html.erb within layouts/application (19.0ms)
Completed 200 OK in 550ms (Views: 528.8ms | ActiveRecord: 1.2ms)


Started GET "/assets/scaffolds.self-9a705dae9a365814928de946422e880f08c7b369a5286d392fe08c07b3404e2e.css?body=1" for 127.0.0.1 at 2016-10-10 22:21:42 +0300


Started GET "/assets/todo_items.self-e3b0c44298fc1c149afbf4c8996fb92427ae41e4649b934ca495991b7852b855.css?body=1" for 127.0.0.1 at 2016-10-10 22:21:42 +0300


Started GET "/assets/todoitems.self-e3b0c44298fc1c149afbf4c8996fb92427ae41e4649b934ca495991b7852b855.css?body=1" for 127.0.0.1 at 2016-10-10 22:21:42 +0300


Started GET "/assets/application.self-e80e8f2318043e8af94dddc2adad5a4f09739a8ebb323b3ab31cd71d45fd9113.css?body=1" for 127.0.0.1 at 2016-10-10 22:21:42 +0300


Started GET "/assets/jquery.self-bd7ddd393353a8d2480a622e80342adf488fb6006d667e8b42e4c0073393abee.js?body=1" for 127.0.0.1 at 2016-10-10 22:21:42 +0300


Started GET "/assets/jquery_ujs.self-784a997f6726036b1993eb2217c9cb558e1cbb801c6da88105588c56f13b466a.js?body=1" for 127.0.0.1 at 2016-10-10 22:21:42 +0300


Started GET "/assets/turbolinks.self-c5acd7a204f5f25ce7a1d8a0e4d92e28d34c9e2df2c7371cd7af88e147e4ad82.js?body=1" for 127.0.0.1 at 2016-10-10 22:21:43 +0300


Started GET "/assets/todo_items.self-877aef30ae1b040ab8a3aba4e3e309a11d7f2612f44dde450b5c157aa5f95c05.js?body=1" for 127.0.0.1 at 2016-10-10 22:21:43 +0300


Started GET "/assets/application.self-3b8dabdc891efe46b9a144b400ad69e37d7e5876bdc39dee783419a69d7ca819.js?body=1" for 127.0.0.1 at 2016-10-10 22:21:43 +0300


Started GET "/assets/todoitems.self-877aef30ae1b040ab8a3aba4e3e309a11d7f2612f44dde450b5c157aa5f95c05.js?body=1" for 127.0.0.1 at 2016-10-10 22:21:43 +0300


Started GET "/todo_items/4" for 127.0.0.1 at 2016-10-10 22:22:02 +0300
Processing by TodoItemsController#show as HTML
  Parameters: {"id"=>"4"}
  [1m[36mTodoItem Load (0.5ms)[0m  [1mSELECT  "todo_items".* FROM "todo_items" WHERE "todo_items"."id" = ? LIMIT 1[0m  [["id", 4]]
  Rendered todo_items/show.html.erb within layouts/application (4.1ms)
Completed 200 OK in 70ms (Views: 52.2ms | ActiveRecord: 0.5ms)


Started GET "/todo_items/new" for 127.0.0.1 at 2016-10-10 22:22:06 +0300
Processing by TodoItemsController#new as HTML
  Rendered todo_items/_form.html.erb (44.5ms)
  Rendered todo_items/new.html.erb within layouts/application (58.0ms)
Completed 200 OK in 109ms (Views: 107.7ms | ActiveRecord: 0.0ms)


Started POST "/todo_items" for 127.0.0.1 at 2016-10-10 22:22:28 +0300
Processing by TodoItemsController#create as HTML
  Parameters: {"utf8"=>"✓", "authenticity_token"=>"PK3KHxgkbhhKTsHVe4wCZKjYUOgWOiryNXXr/RFPpub5WPv5pnUkY1oSaaGFjn36aEPeGRyxgOJixYcQO5CYZw==", "todo_item"=>{"due_date(1i)"=>"2016", "due_date(2i)"=>"10", "due_date(3i)"=>"11", "title"=>"Ruby", "description"=>"Test for redirection", "completed"=>"0"}, "commit"=>"Create Todo item"}
  [1m[35m (0.2ms)[0m  begin transaction
  [1m[36mSQL (0.7ms)[0m  [1mINSERT INTO "todo_items" ("title", "description", "due_date", "created_at", "updated_at") VALUES (?, ?, ?, ?, ?)[0m  [["title", "Ruby"], ["description", "Test for redirection"], ["due_date", "2016-10-11"], ["created_at", "2016-10-10 19:22:28.438907"], ["updated_at", "2016-10-10 19:22:28.438907"]]
  [1m[35m (182.7ms)[0m  commit transaction
Redirected to http://localhost:3000/todo_items
Completed 302 Found in 191ms (ActiveRecord: 183.5ms)


Started GET "/todo_items" for 127.0.0.1 at 2016-10-10 22:22:28 +0300
Processing by TodoItemsController#index as HTML
  [1m[36mTodoItem Load (0.4ms)[0m  [1mSELECT "todo_items".* FROM "todo_items"[0m
  Rendered todo_items/index.html.erb within layouts/application (5.7ms)
Completed 200 OK in 43ms (Views: 41.2ms | ActiveRecord: 0.4ms)
  [1m[36mTodoItem Load (2.0ms)[0m  [1mSELECT "todo_items".* FROM "todo_items"[0m
  [1m[35mTodoItem Load (1.0ms)[0m  SELECT "todo_items".* FROM "todo_items" WHERE (completed==True)
SQLite3::SQLException: no such column: True: SELECT "todo_items".* FROM "todo_items" WHERE (completed==True)
  [1m[36mTodoItem Load (0.6ms)[0m  [1mSELECT "todo_items".* FROM "todo_items"[0m
  [1m[35mTodoItem Load (0.4ms)[0m  SELECT "todo_items".* FROM "todo_items"
  [1m[36mTodoItem Load (0.8ms)[0m  [1mSELECT "todo_items".* FROM "todo_items" WHERE (completed:true)[0m
SQLite3::SQLException: near ":true": syntax error: SELECT "todo_items".* FROM "todo_items" WHERE (completed:true)
  [1m[35mTodoItem Load (0.8ms)[0m  SELECT "todo_items".* FROM "todo_items" WHERE (completed :true)
SQLite3::SQLException: near ":true": syntax error: SELECT "todo_items".* FROM "todo_items" WHERE (completed :true)
  [1m[36mTodoItem Load (1.0ms)[0m  [1mSELECT "todo_items".* FROM "todo_items" WHERE (completed == true)[0m
SQLite3::SQLException: no such column: true: SELECT "todo_items".* FROM "todo_items" WHERE (completed == true)
  [1m[35mTodoItem Load (0.9ms)[0m  SELECT "todo_items".* FROM "todo_items" WHERE (completed 'f')
SQLite3::SQLException: near "'f'": syntax error: SELECT "todo_items".* FROM "todo_items" WHERE (completed 'f')
  [1m[36mTodoItem Load (1.3ms)[0m  [1mSELECT "todo_items".* FROM "todo_items" WHERE (completed 'false')[0m
SQLite3::SQLException: near "'false'": syntax error: SELECT "todo_items".* FROM "todo_items" WHERE (completed 'false')
  [1m[35mTodoItem Load (0.5ms)[0m  SELECT "todo_items".* FROM "todo_items" WHERE "todo_items"."completed" = ?  [["completed", "t"]]
  [1m[36m (0.3ms)[0m  [1mSELECT COUNT(*) FROM "todo_items" WHERE "todo_items"."completed" = ?[0m  [["completed", "t"]]


Started GET "/" for 127.0.0.1 at 2016-10-10 23:13:33 +0300
  [1m[36mActiveRecord::SchemaMigration Load (0.2ms)[0m  [1mSELECT "schema_migrations".* FROM "schema_migrations"[0m
Processing by Rails::WelcomeController#index as HTML
  Rendered /home/iakovos/.rbenv/versions/2.2.2/lib/ruby/gems/2.2.0/gems/railties-4.2.3/lib/rails/templates/rails/welcome/index.html.erb (2.5ms)
Completed 200 OK in 65ms (Views: 46.9ms | ActiveRecord: 0.0ms)


Started GET "/todo_items" for 127.0.0.1 at 2016-10-10 23:13:42 +0300
Processing by TodoItemsController#index as HTML
  [1m[35m (0.5ms)[0m  SELECT COUNT(*) FROM "todo_items" WHERE "todo_items"."completed" = ?  [["completed", "t"]]
  [1m[36mTodoItem Load (0.4ms)[0m  [1mSELECT "todo_items".* FROM "todo_items"[0m
  Rendered todo_items/index.html.erb within layouts/application (16.1ms)
Completed 200 OK in 398ms (Views: 374.2ms | ActiveRecord: 1.6ms)


Started GET "/todo_items/1" for 127.0.0.1 at 2016-10-10 23:13:56 +0300
Processing by TodoItemsController#show as HTML
  Parameters: {"id"=>"1"}
  [1m[35mTodoItem Load (0.4ms)[0m  SELECT  "todo_items".* FROM "todo_items" WHERE "todo_items"."id" = ? LIMIT 1  [["id", 1]]
  Rendered todo_items/show.html.erb within layouts/application (2.1ms)
Completed 200 OK in 77ms (Views: 63.1ms | ActiveRecord: 0.4ms)


Started GET "/todo_items/1/edit" for 127.0.0.1 at 2016-10-10 23:13:58 +0300
Processing by TodoItemsController#edit as HTML
  Parameters: {"id"=>"1"}
  [1m[36mTodoItem Load (0.2ms)[0m  [1mSELECT  "todo_items".* FROM "todo_items" WHERE "todo_items"."id" = ? LIMIT 1[0m  [["id", 1]]
  Rendered todo_items/_form.html.erb (50.5ms)
  Rendered todo_items/edit.html.erb within layouts/application (60.8ms)
Completed 200 OK in 180ms (Views: 177.3ms | ActiveRecord: 0.2ms)
  [1m[35mTodoItem Load (0.3ms)[0m  SELECT "todo_items".* FROM "todo_items" WHERE "todo_items"."completed" = ?  [["completed", "t"]]
